<?xml version="1.0" encoding="UTF-8"?>
<testng-results skipped="0" failed="0" total="1" passed="1">
  <reporter-output>
  </reporter-output>
  <suite name="Test Cases" duration-ms="50986" started-at="2016-02-13T23:15:41Z" finished-at="2016-02-13T23:16:32Z">
    <groups>
    </groups>
    <test name="Firefox Test" duration-ms="50986" started-at="2016-02-13T23:15:41Z" finished-at="2016-02-13T23:16:32Z">
      <class name="com.mvn.spiceworks.NetworkingTest">
        <test-method status="PASS" signature="setUp()[pri:0, instance:com.mvn.spiceworks.NetworkingTest@19dfb72a]" name="setUp" is-config="true" duration-ms="6289" started-at="2016-02-13T15:15:41Z" finished-at="2016-02-13T15:15:47Z">
          <reporter-output>
          </reporter-output>
        </test-method> <!-- setUp -->
        <test-method status="PASS" signature="networkTabTest()[pri:0, instance:com.mvn.spiceworks.NetworkingTest@19dfb72a]" name="networkTabTest" duration-ms="44680" started-at="2016-02-13T15:15:47Z" finished-at="2016-02-13T15:16:32Z">
          <reporter-output>
          </reporter-output>
        </test-method> <!-- networkTabTest -->
        <test-method status="PASS" signature="afterClass()[pri:0, instance:com.mvn.spiceworks.NetworkingTest@19dfb72a]" name="afterClass" is-config="true" duration-ms="8" started-at="2016-02-13T15:16:32Z" finished-at="2016-02-13T15:16:32Z">
          <reporter-output>
          </reporter-output>
        </test-method> <!-- afterClass -->
      </class> <!-- com.mvn.spiceworks.NetworkingTest -->
    </test> <!-- Firefox Test -->
  </suite> <!-- Test Cases -->
</testng-results>
